CRITICAL - 2021-06-05 09:52:53 --> Call to undefined function CodeIgniter\locale_set_default()
#0 C:\xampp\htdocs\cenkaros\vendor\codeigniter4\framework\system\bootstrap.php(157): CodeIgniter\CodeIgniter->initialize()
#1 C:\xampp\htdocs\cenkaros\spark(45): require('C:\\xampp\\htdocs...')
#2 {main}
CRITICAL - 2021-06-05 09:53:51 --> Call to undefined function CodeIgniter\locale_set_default()
#0 C:\xampp\htdocs\cenkaros\vendor\codeigniter4\framework\system\bootstrap.php(157): CodeIgniter\CodeIgniter->initialize()
#1 C:\xampp\htdocs\cenkaros\spark(45): require('C:\\xampp\\htdocs...')
#2 {main}
ERROR - 2021-06-05 03:43:28 --> Error connecting to the database: Unknown database 'cenkaros'
CRITICAL - 2021-06-05 03:43:28 --> Unable to connect to the database.
Main connection [MySQLi]: Unknown database 'cenkaros'
#0 C:\xampp\htdocs\cenkaros\vendor\codeigniter4\framework\system\Database\BaseConnection.php(625): CodeIgniter\Database\BaseConnection->initialize()
#1 C:\xampp\htdocs\cenkaros\vendor\codeigniter4\framework\system\Database\BaseBuilder.php(1881): CodeIgniter\Database\BaseConnection->query('SELECT *\nFROM `...', Array, false)
#2 C:\xampp\htdocs\cenkaros\vendor\codeigniter4\framework\system\Model.php(197): CodeIgniter\Database\BaseBuilder->get()
#3 C:\xampp\htdocs\cenkaros\vendor\codeigniter4\framework\system\BaseModel.php(603): CodeIgniter\Model->doFindAll(0, 0)
#4 C:\xampp\htdocs\cenkaros\app\Models\KorisnikModel.php(19): CodeIgniter\BaseModel->findAll()
#5 C:\xampp\htdocs\cenkaros\app\Controllers\Gost.php(70): App\Models\KorisnikModel->pretraga_kIme('admin')
#6 C:\xampp\htdocs\cenkaros\vendor\codeigniter4\framework\system\CodeIgniter.php(931): App\Controllers\Gost->zahtev_za_prijavu()
#7 C:\xampp\htdocs\cenkaros\vendor\codeigniter4\framework\system\CodeIgniter.php(439): CodeIgniter\CodeIgniter->runController(Object(App\Controllers\Gost))
#8 C:\xampp\htdocs\cenkaros\vendor\codeigniter4\framework\system\CodeIgniter.php(339): CodeIgniter\CodeIgniter->handleRequest(NULL, Object(Config\Cache), false)
#9 C:\xampp\htdocs\cenkaros\public\index.php(36): CodeIgniter\CodeIgniter->run()
#10 C:\xampp\htdocs\cenkaros\vendor\codeigniter4\framework\system\Commands\Server\rewrite.php(45): require_once('C:\\xampp\\htdocs...')
#11 {main}
CRITICAL - 2021-06-05 11:45:33 --> Invalid argument supplied for foreach()
#0 C:\xampp\htdocs\cenkaros\app\Controllers\Kupac.php(72): CodeIgniter\Debug\Exceptions->errorHandler(2, 'Invalid argumen...', 'C:\\xampp\\htdocs...', 72, Array)
#1 C:\xampp\htdocs\cenkaros\vendor\codeigniter4\framework\system\CodeIgniter.php(931): App\Controllers\Kupac->ispis()
#2 C:\xampp\htdocs\cenkaros\vendor\codeigniter4\framework\system\CodeIgniter.php(439): CodeIgniter\CodeIgniter->runController(Object(App\Controllers\Kupac))
#3 C:\xampp\htdocs\cenkaros\vendor\codeigniter4\framework\system\CodeIgniter.php(339): CodeIgniter\CodeIgniter->handleRequest(NULL, Object(Config\Cache), false)
#4 C:\xampp\htdocs\cenkaros\public\index.php(36): CodeIgniter\CodeIgniter->run()
#5 C:\xampp\htdocs\cenkaros\vendor\codeigniter4\framework\system\Commands\Server\rewrite.php(45): require_once('C:\\xampp\\htdocs...')
#6 {main}
CRITICAL - 2021-06-05 13:58:29 --> Invalid argument supplied for foreach()
#0 C:\xampp\htdocs\cenkaros\app\Controllers\Kupac.php(72): CodeIgniter\Debug\Exceptions->errorHandler(2, 'Invalid argumen...', 'C:\\xampp\\htdocs...', 72, Array)
#1 C:\xampp\htdocs\cenkaros\vendor\codeigniter4\framework\system\CodeIgniter.php(931): App\Controllers\Kupac->ispis()
#2 C:\xampp\htdocs\cenkaros\vendor\codeigniter4\framework\system\CodeIgniter.php(439): CodeIgniter\CodeIgniter->runController(Object(App\Controllers\Kupac))
#3 C:\xampp\htdocs\cenkaros\vendor\codeigniter4\framework\system\CodeIgniter.php(339): CodeIgniter\CodeIgniter->handleRequest(NULL, Object(Config\Cache), false)
#4 C:\xampp\htdocs\cenkaros\public\index.php(36): CodeIgniter\CodeIgniter->run()
#5 C:\xampp\htdocs\cenkaros\vendor\codeigniter4\framework\system\Commands\Server\rewrite.php(45): require_once('C:\\xampp\\htdocs...')
#6 {main}
CRITICAL - 2021-06-05 14:00:32 --> Invalid argument supplied for foreach()
#0 C:\xampp\htdocs\cenkaros\app\Controllers\Kupac.php(72): CodeIgniter\Debug\Exceptions->errorHandler(2, 'Invalid argumen...', 'C:\\xampp\\htdocs...', 72, Array)
#1 C:\xampp\htdocs\cenkaros\vendor\codeigniter4\framework\system\CodeIgniter.php(931): App\Controllers\Kupac->ispis()
#2 C:\xampp\htdocs\cenkaros\vendor\codeigniter4\framework\system\CodeIgniter.php(439): CodeIgniter\CodeIgniter->runController(Object(App\Controllers\Kupac))
#3 C:\xampp\htdocs\cenkaros\vendor\codeigniter4\framework\system\CodeIgniter.php(339): CodeIgniter\CodeIgniter->handleRequest(NULL, Object(Config\Cache), false)
#4 C:\xampp\htdocs\cenkaros\public\index.php(36): CodeIgniter\CodeIgniter->run()
#5 C:\xampp\htdocs\cenkaros\vendor\codeigniter4\framework\system\Commands\Server\rewrite.php(45): require_once('C:\\xampp\\htdocs...')
#6 {main}
CRITICAL - 2021-06-05 14:01:00 --> Invalid argument supplied for foreach()
#0 C:\xampp\htdocs\cenkaros\app\Controllers\Kupac.php(72): CodeIgniter\Debug\Exceptions->errorHandler(2, 'Invalid argumen...', 'C:\\xampp\\htdocs...', 72, Array)
#1 C:\xampp\htdocs\cenkaros\vendor\codeigniter4\framework\system\CodeIgniter.php(931): App\Controllers\Kupac->ispis()
#2 C:\xampp\htdocs\cenkaros\vendor\codeigniter4\framework\system\CodeIgniter.php(439): CodeIgniter\CodeIgniter->runController(Object(App\Controllers\Kupac))
#3 C:\xampp\htdocs\cenkaros\vendor\codeigniter4\framework\system\CodeIgniter.php(339): CodeIgniter\CodeIgniter->handleRequest(NULL, Object(Config\Cache), false)
#4 C:\xampp\htdocs\cenkaros\public\index.php(36): CodeIgniter\CodeIgniter->run()
#5 C:\xampp\htdocs\cenkaros\vendor\codeigniter4\framework\system\Commands\Server\rewrite.php(45): require_once('C:\\xampp\\htdocs...')
#6 {main}
CRITICAL - 2021-06-05 14:01:38 --> Invalid argument supplied for foreach()
#0 C:\xampp\htdocs\cenkaros\app\Controllers\Kupac.php(72): CodeIgniter\Debug\Exceptions->errorHandler(2, 'Invalid argumen...', 'C:\\xampp\\htdocs...', 72, Array)
#1 C:\xampp\htdocs\cenkaros\vendor\codeigniter4\framework\system\CodeIgniter.php(931): App\Controllers\Kupac->ispis()
#2 C:\xampp\htdocs\cenkaros\vendor\codeigniter4\framework\system\CodeIgniter.php(439): CodeIgniter\CodeIgniter->runController(Object(App\Controllers\Kupac))
#3 C:\xampp\htdocs\cenkaros\vendor\codeigniter4\framework\system\CodeIgniter.php(339): CodeIgniter\CodeIgniter->handleRequest(NULL, Object(Config\Cache), false)
#4 C:\xampp\htdocs\cenkaros\public\index.php(36): CodeIgniter\CodeIgniter->run()
#5 C:\xampp\htdocs\cenkaros\vendor\codeigniter4\framework\system\Commands\Server\rewrite.php(45): require_once('C:\\xampp\\htdocs...')
#6 {main}
CRITICAL - 2021-06-05 14:02:10 --> Invalid argument supplied for foreach()
#0 C:\xampp\htdocs\cenkaros\app\Controllers\Kupac.php(72): CodeIgniter\Debug\Exceptions->errorHandler(2, 'Invalid argumen...', 'C:\\xampp\\htdocs...', 72, Array)
#1 C:\xampp\htdocs\cenkaros\vendor\codeigniter4\framework\system\CodeIgniter.php(931): App\Controllers\Kupac->ispis()
#2 C:\xampp\htdocs\cenkaros\vendor\codeigniter4\framework\system\CodeIgniter.php(439): CodeIgniter\CodeIgniter->runController(Object(App\Controllers\Kupac))
#3 C:\xampp\htdocs\cenkaros\vendor\codeigniter4\framework\system\CodeIgniter.php(339): CodeIgniter\CodeIgniter->handleRequest(NULL, Object(Config\Cache), false)
#4 C:\xampp\htdocs\cenkaros\public\index.php(36): CodeIgniter\CodeIgniter->run()
#5 C:\xampp\htdocs\cenkaros\vendor\codeigniter4\framework\system\Commands\Server\rewrite.php(45): require_once('C:\\xampp\\htdocs...')
#6 {main}
