CRITICAL - 2021-05-26 04:33:37 --> Undefined property: App\Controllers\Gost::$doctine
#0 C:\xampp\htdocs\cenkaros\app\Controllers\Gost.php(25): CodeIgniter\Debug\Exceptions->errorHandler(8, 'Undefined prope...', 'C:\\xampp\\htdocs...', 25, Array)
#1 C:\xampp\htdocs\cenkaros\vendor\codeigniter4\framework\system\CodeIgniter.php(931): App\Controllers\Gost->prijava()
#2 C:\xampp\htdocs\cenkaros\vendor\codeigniter4\framework\system\CodeIgniter.php(439): CodeIgniter\CodeIgniter->runController(Object(App\Controllers\Gost))
#3 C:\xampp\htdocs\cenkaros\vendor\codeigniter4\framework\system\CodeIgniter.php(339): CodeIgniter\CodeIgniter->handleRequest(NULL, Object(Config\Cache), false)
#4 C:\xampp\htdocs\cenkaros\public\index.php(36): CodeIgniter\CodeIgniter->run()
#5 C:\xampp\htdocs\cenkaros\vendor\codeigniter4\framework\system\Commands\Server\rewrite.php(45): require_once('C:\\xampp\\htdocs...')
#6 {main}
CRITICAL - 2021-05-26 04:33:44 --> Undefined property: App\Controllers\Gost::$doctine
#0 C:\xampp\htdocs\cenkaros\app\Controllers\Gost.php(25): CodeIgniter\Debug\Exceptions->errorHandler(8, 'Undefined prope...', 'C:\\xampp\\htdocs...', 25, Array)
#1 C:\xampp\htdocs\cenkaros\vendor\codeigniter4\framework\system\CodeIgniter.php(931): App\Controllers\Gost->prijava()
#2 C:\xampp\htdocs\cenkaros\vendor\codeigniter4\framework\system\CodeIgniter.php(439): CodeIgniter\CodeIgniter->runController(Object(App\Controllers\Gost))
#3 C:\xampp\htdocs\cenkaros\vendor\codeigniter4\framework\system\CodeIgniter.php(339): CodeIgniter\CodeIgniter->handleRequest(NULL, Object(Config\Cache), false)
#4 C:\xampp\htdocs\cenkaros\public\index.php(36): CodeIgniter\CodeIgniter->run()
#5 C:\xampp\htdocs\cenkaros\vendor\codeigniter4\framework\system\Commands\Server\rewrite.php(45): require_once('C:\\xampp\\htdocs...')
#6 {main}
CRITICAL - 2021-05-26 04:33:45 --> Undefined property: App\Controllers\Gost::$doctine
#0 C:\xampp\htdocs\cenkaros\app\Controllers\Gost.php(25): CodeIgniter\Debug\Exceptions->errorHandler(8, 'Undefined prope...', 'C:\\xampp\\htdocs...', 25, Array)
#1 C:\xampp\htdocs\cenkaros\vendor\codeigniter4\framework\system\CodeIgniter.php(931): App\Controllers\Gost->prijava()
#2 C:\xampp\htdocs\cenkaros\vendor\codeigniter4\framework\system\CodeIgniter.php(439): CodeIgniter\CodeIgniter->runController(Object(App\Controllers\Gost))
#3 C:\xampp\htdocs\cenkaros\vendor\codeigniter4\framework\system\CodeIgniter.php(339): CodeIgniter\CodeIgniter->handleRequest(NULL, Object(Config\Cache), false)
#4 C:\xampp\htdocs\cenkaros\public\index.php(36): CodeIgniter\CodeIgniter->run()
#5 C:\xampp\htdocs\cenkaros\vendor\codeigniter4\framework\system\Commands\Server\rewrite.php(45): require_once('C:\\xampp\\htdocs...')
#6 {main}
CRITICAL - 2021-05-26 04:38:47 --> syntax error, unexpected '->' (T_OBJECT_OPERATOR)
#0 C:\xampp\htdocs\cenkaros\vendor\codeigniter4\framework\system\Router\Router.php(169): CodeIgniter\Router\Router->autoRoute('Gost/prijava')
#1 C:\xampp\htdocs\cenkaros\vendor\codeigniter4\framework\system\CodeIgniter.php(812): CodeIgniter\Router\Router->handle('Gost/prijava')
#2 C:\xampp\htdocs\cenkaros\vendor\codeigniter4\framework\system\CodeIgniter.php(392): CodeIgniter\CodeIgniter->tryToRouteIt(Object(CodeIgniter\Router\RouteCollection))
#3 C:\xampp\htdocs\cenkaros\vendor\codeigniter4\framework\system\CodeIgniter.php(339): CodeIgniter\CodeIgniter->handleRequest(NULL, Object(Config\Cache), false)
#4 C:\xampp\htdocs\cenkaros\public\index.php(36): CodeIgniter\CodeIgniter->run()
#5 C:\xampp\htdocs\cenkaros\vendor\codeigniter4\framework\system\Commands\Server\rewrite.php(45): require_once('C:\\xampp\\htdocs...')
#6 {main}
CRITICAL - 2021-05-26 04:39:30 --> Class 'App\Controllers\Entities\Radnja' does not exist
#0 C:\xampp\htdocs\cenkaros\vendor\doctrine\persistence\lib\Doctrine\Persistence\Mapping\RuntimeReflectionService.php(38): Doctrine\Persistence\Mapping\MappingException::nonExistingClass('App\\Controllers...')
#1 C:\xampp\htdocs\cenkaros\vendor\doctrine\persistence\lib\Doctrine\Persistence\Mapping\AbstractClassMetadataFactory.php(326): Doctrine\Persistence\Mapping\RuntimeReflectionService->getParentClasses('App\\Controllers...')
#2 C:\xampp\htdocs\cenkaros\vendor\doctrine\persistence\lib\Doctrine\Persistence\Mapping\AbstractClassMetadataFactory.php(360): Doctrine\Persistence\Mapping\AbstractClassMetadataFactory->getParentClasses('App\\Controllers...')
#3 C:\xampp\htdocs\cenkaros\vendor\doctrine\orm\lib\Doctrine\ORM\Mapping\ClassMetadataFactory.php(84): Doctrine\Persistence\Mapping\AbstractClassMetadataFactory->loadMetadata('App\\Controllers...')
#4 C:\xampp\htdocs\cenkaros\vendor\doctrine\persistence\lib\Doctrine\Persistence\Mapping\AbstractClassMetadataFactory.php(251): Doctrine\ORM\Mapping\ClassMetadataFactory->loadMetadata('App\\Controllers...')
#5 C:\xampp\htdocs\cenkaros\vendor\doctrine\orm\lib\Doctrine\ORM\EntityManager.php(300): Doctrine\Persistence\Mapping\AbstractClassMetadataFactory->getMetadataFor('App\\Controllers...')
#6 C:\xampp\htdocs\cenkaros\vendor\doctrine\orm\lib\Doctrine\ORM\Repository\DefaultRepositoryFactory.php(45): Doctrine\ORM\EntityManager->getClassMetadata('App\\Controllers...')
#7 C:\xampp\htdocs\cenkaros\vendor\doctrine\orm\lib\Doctrine\ORM\EntityManager.php(765): Doctrine\ORM\Repository\DefaultRepositoryFactory->getRepository(Object(Doctrine\ORM\EntityManager), 'App\\Controllers...')
#8 C:\xampp\htdocs\cenkaros\app\Controllers\Gost.php(26): Doctrine\ORM\EntityManager->getRepository('App\\Controllers...')
#9 C:\xampp\htdocs\cenkaros\vendor\codeigniter4\framework\system\CodeIgniter.php(931): App\Controllers\Gost->prijava()
#10 C:\xampp\htdocs\cenkaros\vendor\codeigniter4\framework\system\CodeIgniter.php(439): CodeIgniter\CodeIgniter->runController(Object(App\Controllers\Gost))
#11 C:\xampp\htdocs\cenkaros\vendor\codeigniter4\framework\system\CodeIgniter.php(339): CodeIgniter\CodeIgniter->handleRequest(NULL, Object(Config\Cache), false)
#12 C:\xampp\htdocs\cenkaros\public\index.php(36): CodeIgniter\CodeIgniter->run()
#13 C:\xampp\htdocs\cenkaros\vendor\codeigniter4\framework\system\Commands\Server\rewrite.php(45): require_once('C:\\xampp\\htdocs...')
#14 {main}
CRITICAL - 2021-05-26 04:40:47 --> Class 'App\Controllers\Entities\Radnja' does not exist
#0 C:\xampp\htdocs\cenkaros\vendor\doctrine\persistence\lib\Doctrine\Persistence\Mapping\RuntimeReflectionService.php(38): Doctrine\Persistence\Mapping\MappingException::nonExistingClass('App\\Controllers...')
#1 C:\xampp\htdocs\cenkaros\vendor\doctrine\persistence\lib\Doctrine\Persistence\Mapping\AbstractClassMetadataFactory.php(326): Doctrine\Persistence\Mapping\RuntimeReflectionService->getParentClasses('App\\Controllers...')
#2 C:\xampp\htdocs\cenkaros\vendor\doctrine\persistence\lib\Doctrine\Persistence\Mapping\AbstractClassMetadataFactory.php(360): Doctrine\Persistence\Mapping\AbstractClassMetadataFactory->getParentClasses('App\\Controllers...')
#3 C:\xampp\htdocs\cenkaros\vendor\doctrine\orm\lib\Doctrine\ORM\Mapping\ClassMetadataFactory.php(84): Doctrine\Persistence\Mapping\AbstractClassMetadataFactory->loadMetadata('App\\Controllers...')
#4 C:\xampp\htdocs\cenkaros\vendor\doctrine\persistence\lib\Doctrine\Persistence\Mapping\AbstractClassMetadataFactory.php(251): Doctrine\ORM\Mapping\ClassMetadataFactory->loadMetadata('App\\Controllers...')
#5 C:\xampp\htdocs\cenkaros\vendor\doctrine\orm\lib\Doctrine\ORM\EntityManager.php(300): Doctrine\Persistence\Mapping\AbstractClassMetadataFactory->getMetadataFor('App\\Controllers...')
#6 C:\xampp\htdocs\cenkaros\vendor\doctrine\orm\lib\Doctrine\ORM\Repository\DefaultRepositoryFactory.php(45): Doctrine\ORM\EntityManager->getClassMetadata('App\\Controllers...')
#7 C:\xampp\htdocs\cenkaros\vendor\doctrine\orm\lib\Doctrine\ORM\EntityManager.php(765): Doctrine\ORM\Repository\DefaultRepositoryFactory->getRepository(Object(Doctrine\ORM\EntityManager), 'App\\Controllers...')
#8 C:\xampp\htdocs\cenkaros\app\Controllers\Gost.php(26): Doctrine\ORM\EntityManager->getRepository('App\\Controllers...')
#9 C:\xampp\htdocs\cenkaros\vendor\codeigniter4\framework\system\CodeIgniter.php(931): App\Controllers\Gost->prijava()
#10 C:\xampp\htdocs\cenkaros\vendor\codeigniter4\framework\system\CodeIgniter.php(439): CodeIgniter\CodeIgniter->runController(Object(App\Controllers\Gost))
#11 C:\xampp\htdocs\cenkaros\vendor\codeigniter4\framework\system\CodeIgniter.php(339): CodeIgniter\CodeIgniter->handleRequest(NULL, Object(Config\Cache), false)
#12 C:\xampp\htdocs\cenkaros\public\index.php(36): CodeIgniter\CodeIgniter->run()
#13 C:\xampp\htdocs\cenkaros\vendor\codeigniter4\framework\system\Commands\Server\rewrite.php(45): require_once('C:\\xampp\\htdocs...')
#14 {main}
CRITICAL - 2021-05-26 04:41:31 --> Class 'App\Controllers\Entities\Radnja' does not exist
#0 C:\xampp\htdocs\cenkaros\vendor\doctrine\persistence\lib\Doctrine\Persistence\Mapping\RuntimeReflectionService.php(38): Doctrine\Persistence\Mapping\MappingException::nonExistingClass('App\\Controllers...')
#1 C:\xampp\htdocs\cenkaros\vendor\doctrine\persistence\lib\Doctrine\Persistence\Mapping\AbstractClassMetadataFactory.php(326): Doctrine\Persistence\Mapping\RuntimeReflectionService->getParentClasses('App\\Controllers...')
#2 C:\xampp\htdocs\cenkaros\vendor\doctrine\persistence\lib\Doctrine\Persistence\Mapping\AbstractClassMetadataFactory.php(360): Doctrine\Persistence\Mapping\AbstractClassMetadataFactory->getParentClasses('App\\Controllers...')
#3 C:\xampp\htdocs\cenkaros\vendor\doctrine\orm\lib\Doctrine\ORM\Mapping\ClassMetadataFactory.php(84): Doctrine\Persistence\Mapping\AbstractClassMetadataFactory->loadMetadata('App\\Controllers...')
#4 C:\xampp\htdocs\cenkaros\vendor\doctrine\persistence\lib\Doctrine\Persistence\Mapping\AbstractClassMetadataFactory.php(251): Doctrine\ORM\Mapping\ClassMetadataFactory->loadMetadata('App\\Controllers...')
#5 C:\xampp\htdocs\cenkaros\vendor\doctrine\orm\lib\Doctrine\ORM\EntityManager.php(300): Doctrine\Persistence\Mapping\AbstractClassMetadataFactory->getMetadataFor('App\\Controllers...')
#6 C:\xampp\htdocs\cenkaros\vendor\doctrine\orm\lib\Doctrine\ORM\Repository\DefaultRepositoryFactory.php(45): Doctrine\ORM\EntityManager->getClassMetadata('App\\Controllers...')
#7 C:\xampp\htdocs\cenkaros\vendor\doctrine\orm\lib\Doctrine\ORM\EntityManager.php(765): Doctrine\ORM\Repository\DefaultRepositoryFactory->getRepository(Object(Doctrine\ORM\EntityManager), 'App\\Controllers...')
#8 C:\xampp\htdocs\cenkaros\app\Controllers\Gost.php(26): Doctrine\ORM\EntityManager->getRepository('App\\Controllers...')
#9 C:\xampp\htdocs\cenkaros\vendor\codeigniter4\framework\system\CodeIgniter.php(931): App\Controllers\Gost->prijava()
#10 C:\xampp\htdocs\cenkaros\vendor\codeigniter4\framework\system\CodeIgniter.php(439): CodeIgniter\CodeIgniter->runController(Object(App\Controllers\Gost))
#11 C:\xampp\htdocs\cenkaros\vendor\codeigniter4\framework\system\CodeIgniter.php(339): CodeIgniter\CodeIgniter->handleRequest(NULL, Object(Config\Cache), false)
#12 C:\xampp\htdocs\cenkaros\public\index.php(36): CodeIgniter\CodeIgniter->run()
#13 C:\xampp\htdocs\cenkaros\vendor\codeigniter4\framework\system\Commands\Server\rewrite.php(45): require_once('C:\\xampp\\htdocs...')
#14 {main}
CRITICAL - 2021-05-26 04:43:04 --> Use of undefined constant radnje - assumed 'radnje' (this will throw an Error in a future version of PHP)
#0 C:\xampp\htdocs\cenkaros\app\Controllers\Gost.php(27): CodeIgniter\Debug\Exceptions->errorHandler(2, 'Use of undefine...', 'C:\\xampp\\htdocs...', 27, Array)
#1 C:\xampp\htdocs\cenkaros\vendor\codeigniter4\framework\system\CodeIgniter.php(931): App\Controllers\Gost->prijava()
#2 C:\xampp\htdocs\cenkaros\vendor\codeigniter4\framework\system\CodeIgniter.php(439): CodeIgniter\CodeIgniter->runController(Object(App\Controllers\Gost))
#3 C:\xampp\htdocs\cenkaros\vendor\codeigniter4\framework\system\CodeIgniter.php(339): CodeIgniter\CodeIgniter->handleRequest(NULL, Object(Config\Cache), false)
#4 C:\xampp\htdocs\cenkaros\public\index.php(36): CodeIgniter\CodeIgniter->run()
#5 C:\xampp\htdocs\cenkaros\vendor\codeigniter4\framework\system\Commands\Server\rewrite.php(45): require_once('C:\\xampp\\htdocs...')
#6 {main}
CRITICAL - 2021-05-26 04:44:16 --> Cannot use object of type Doctrine\ORM\EntityRepository as array
#0 C:\xampp\htdocs\cenkaros\vendor\codeigniter4\framework\system\CodeIgniter.php(931): App\Controllers\Gost->prijava()
#1 C:\xampp\htdocs\cenkaros\vendor\codeigniter4\framework\system\CodeIgniter.php(439): CodeIgniter\CodeIgniter->runController(Object(App\Controllers\Gost))
#2 C:\xampp\htdocs\cenkaros\vendor\codeigniter4\framework\system\CodeIgniter.php(339): CodeIgniter\CodeIgniter->handleRequest(NULL, Object(Config\Cache), false)
#3 C:\xampp\htdocs\cenkaros\public\index.php(36): CodeIgniter\CodeIgniter->run()
#4 C:\xampp\htdocs\cenkaros\vendor\codeigniter4\framework\system\Commands\Server\rewrite.php(45): require_once('C:\\xampp\\htdocs...')
#5 {main}
CRITICAL - 2021-05-26 04:46:16 --> Use of undefined constant radnje - assumed 'radnje' (this will throw an Error in a future version of PHP)
#0 C:\xampp\htdocs\cenkaros\app\Controllers\Gost.php(27): CodeIgniter\Debug\Exceptions->errorHandler(2, 'Use of undefine...', 'C:\\xampp\\htdocs...', 27, Array)
#1 C:\xampp\htdocs\cenkaros\vendor\codeigniter4\framework\system\CodeIgniter.php(931): App\Controllers\Gost->prijava()
#2 C:\xampp\htdocs\cenkaros\vendor\codeigniter4\framework\system\CodeIgniter.php(439): CodeIgniter\CodeIgniter->runController(Object(App\Controllers\Gost))
#3 C:\xampp\htdocs\cenkaros\vendor\codeigniter4\framework\system\CodeIgniter.php(339): CodeIgniter\CodeIgniter->handleRequest(NULL, Object(Config\Cache), false)
#4 C:\xampp\htdocs\cenkaros\public\index.php(36): CodeIgniter\CodeIgniter->run()
#5 C:\xampp\htdocs\cenkaros\vendor\codeigniter4\framework\system\Commands\Server\rewrite.php(45): require_once('C:\\xampp\\htdocs...')
#6 {main}
CRITICAL - 2021-05-26 04:46:30 --> Allowed memory size of 536870912 bytes exhausted (tried to allocate 264245248 bytes)
#0 [internal function]: CodeIgniter\Debug\Exceptions->shutdownHandler()
#1 {main}
CRITICAL - 2021-05-26 04:46:30 --> Use of undefined constant radnje - assumed 'radnje' (this will throw an Error in a future version of PHP)
#0 C:\xampp\htdocs\cenkaros\app\Controllers\Gost.php(27): CodeIgniter\Debug\Exceptions->errorHandler(2, 'Use of undefine...', 'C:\\xampp\\htdocs...', 27, Array)
#1 C:\xampp\htdocs\cenkaros\vendor\codeigniter4\framework\system\CodeIgniter.php(931): App\Controllers\Gost->prijava()
#2 C:\xampp\htdocs\cenkaros\vendor\codeigniter4\framework\system\CodeIgniter.php(439): CodeIgniter\CodeIgniter->runController(Object(App\Controllers\Gost))
#3 C:\xampp\htdocs\cenkaros\vendor\codeigniter4\framework\system\CodeIgniter.php(339): CodeIgniter\CodeIgniter->handleRequest(NULL, Object(Config\Cache), false)
#4 C:\xampp\htdocs\cenkaros\public\index.php(36): CodeIgniter\CodeIgniter->run()
#5 C:\xampp\htdocs\cenkaros\vendor\codeigniter4\framework\system\Commands\Server\rewrite.php(45): require_once('C:\\xampp\\htdocs...')
#6 {main}
CRITICAL - 2021-05-26 04:46:44 --> Allowed memory size of 536870912 bytes exhausted (tried to allocate 266342400 bytes)
#0 [internal function]: CodeIgniter\Debug\Exceptions->shutdownHandler()
#1 {main}
CRITICAL - 2021-05-26 04:47:40 --> Object of class App\Models\Entities\Radnja could not be converted to string
#0 C:\xampp\htdocs\cenkaros\vendor\codeigniter4\framework\system\CodeIgniter.php(931): App\Controllers\Gost->prijava()
#1 C:\xampp\htdocs\cenkaros\vendor\codeigniter4\framework\system\CodeIgniter.php(439): CodeIgniter\CodeIgniter->runController(Object(App\Controllers\Gost))
#2 C:\xampp\htdocs\cenkaros\vendor\codeigniter4\framework\system\CodeIgniter.php(339): CodeIgniter\CodeIgniter->handleRequest(NULL, Object(Config\Cache), false)
#3 C:\xampp\htdocs\cenkaros\public\index.php(36): CodeIgniter\CodeIgniter->run()
#4 C:\xampp\htdocs\cenkaros\vendor\codeigniter4\framework\system\Commands\Server\rewrite.php(45): require_once('C:\\xampp\\htdocs...')
#5 {main}
CRITICAL - 2021-05-26 04:47:53 --> Allowed memory size of 536870912 bytes exhausted (tried to allocate 264245248 bytes)
#0 [internal function]: CodeIgniter\Debug\Exceptions->shutdownHandler()
#1 {main}
CRITICAL - 2021-05-26 04:49:20 --> Array to string conversion
#0 C:\xampp\htdocs\cenkaros\app\Controllers\Gost.php(27): CodeIgniter\Debug\Exceptions->errorHandler(8, 'Array to string...', 'C:\\xampp\\htdocs...', 27, Array)
#1 C:\xampp\htdocs\cenkaros\vendor\codeigniter4\framework\system\CodeIgniter.php(931): App\Controllers\Gost->prijava()
#2 C:\xampp\htdocs\cenkaros\vendor\codeigniter4\framework\system\CodeIgniter.php(439): CodeIgniter\CodeIgniter->runController(Object(App\Controllers\Gost))
#3 C:\xampp\htdocs\cenkaros\vendor\codeigniter4\framework\system\CodeIgniter.php(339): CodeIgniter\CodeIgniter->handleRequest(NULL, Object(Config\Cache), false)
#4 C:\xampp\htdocs\cenkaros\public\index.php(36): CodeIgniter\CodeIgniter->run()
#5 C:\xampp\htdocs\cenkaros\vendor\codeigniter4\framework\system\Commands\Server\rewrite.php(45): require_once('C:\\xampp\\htdocs...')
#6 {main}
CRITICAL - 2021-05-26 04:49:36 --> Allowed memory size of 536870912 bytes exhausted (tried to allocate 264245248 bytes)
#0 [internal function]: CodeIgniter\Debug\Exceptions->shutdownHandler()
#1 {main}
CRITICAL - 2021-05-26 04:49:36 --> Object of class App\Models\Entities\Radnja could not be converted to string
#0 C:\xampp\htdocs\cenkaros\vendor\codeigniter4\framework\system\CodeIgniter.php(931): App\Controllers\Gost->prijava()
#1 C:\xampp\htdocs\cenkaros\vendor\codeigniter4\framework\system\CodeIgniter.php(439): CodeIgniter\CodeIgniter->runController(Object(App\Controllers\Gost))
#2 C:\xampp\htdocs\cenkaros\vendor\codeigniter4\framework\system\CodeIgniter.php(339): CodeIgniter\CodeIgniter->handleRequest(NULL, Object(Config\Cache), false)
#3 C:\xampp\htdocs\cenkaros\public\index.php(36): CodeIgniter\CodeIgniter->run()
#4 C:\xampp\htdocs\cenkaros\vendor\codeigniter4\framework\system\Commands\Server\rewrite.php(45): require_once('C:\\xampp\\htdocs...')
#5 {main}
CRITICAL - 2021-05-26 04:49:51 --> Allowed memory size of 536870912 bytes exhausted (tried to allocate 266342400 bytes)
#0 [internal function]: CodeIgniter\Debug\Exceptions->shutdownHandler()
#1 {main}
CRITICAL - 2021-05-26 04:49:57 --> Object of class App\Models\Entities\Radnja could not be converted to string
#0 C:\xampp\htdocs\cenkaros\vendor\codeigniter4\framework\system\CodeIgniter.php(931): App\Controllers\Gost->prijava()
#1 C:\xampp\htdocs\cenkaros\vendor\codeigniter4\framework\system\CodeIgniter.php(439): CodeIgniter\CodeIgniter->runController(Object(App\Controllers\Gost))
#2 C:\xampp\htdocs\cenkaros\vendor\codeigniter4\framework\system\CodeIgniter.php(339): CodeIgniter\CodeIgniter->handleRequest(NULL, Object(Config\Cache), false)
#3 C:\xampp\htdocs\cenkaros\public\index.php(36): CodeIgniter\CodeIgniter->run()
#4 C:\xampp\htdocs\cenkaros\vendor\codeigniter4\framework\system\Commands\Server\rewrite.php(45): require_once('C:\\xampp\\htdocs...')
#5 {main}
CRITICAL - 2021-05-26 04:50:35 --> Allowed memory size of 536870912 bytes exhausted (tried to allocate 266342400 bytes)
#0 [internal function]: CodeIgniter\Debug\Exceptions->shutdownHandler()
#1 {main}
CRITICAL - 2021-05-26 04:51:02 --> Object of class App\Models\Entities\Radnja could not be converted to string
#0 C:\xampp\htdocs\cenkaros\vendor\codeigniter4\framework\system\CodeIgniter.php(931): App\Controllers\Gost->prijava()
#1 C:\xampp\htdocs\cenkaros\vendor\codeigniter4\framework\system\CodeIgniter.php(439): CodeIgniter\CodeIgniter->runController(Object(App\Controllers\Gost))
#2 C:\xampp\htdocs\cenkaros\vendor\codeigniter4\framework\system\CodeIgniter.php(339): CodeIgniter\CodeIgniter->handleRequest(NULL, Object(Config\Cache), false)
#3 C:\xampp\htdocs\cenkaros\public\index.php(36): CodeIgniter\CodeIgniter->run()
#4 C:\xampp\htdocs\cenkaros\vendor\codeigniter4\framework\system\Commands\Server\rewrite.php(45): require_once('C:\\xampp\\htdocs...')
#5 {main}
CRITICAL - 2021-05-26 04:51:15 --> Allowed memory size of 536870912 bytes exhausted (tried to allocate 264245248 bytes)
#0 [internal function]: CodeIgniter\Debug\Exceptions->shutdownHandler()
#1 {main}
CRITICAL - 2021-05-26 05:34:19 --> Invalid file: pages\o_nama.php
#0 C:\xampp\htdocs\cenkaros\vendor\codeigniter4\framework\system\View\View.php(213): CodeIgniter\Exceptions\FrameworkException::forInvalidFile('pages\\o_nama.ph...')
#1 C:\xampp\htdocs\cenkaros\vendor\codeigniter4\framework\system\Common.php(1250): CodeIgniter\View\View->render('pages\\o_nama', Array, true)
#2 C:\xampp\htdocs\cenkaros\app\Controllers\Predstavnik.php(12): view('pages\\o_nama', Array)
#3 C:\xampp\htdocs\cenkaros\app\Controllers\Predstavnik.php(23): App\Controllers\Predstavnik->show('o_nama', Array)
#4 C:\xampp\htdocs\cenkaros\vendor\codeigniter4\framework\system\CodeIgniter.php(931): App\Controllers\Predstavnik->o_nama()
#5 C:\xampp\htdocs\cenkaros\vendor\codeigniter4\framework\system\CodeIgniter.php(439): CodeIgniter\CodeIgniter->runController(Object(App\Controllers\Predstavnik))
#6 C:\xampp\htdocs\cenkaros\vendor\codeigniter4\framework\system\CodeIgniter.php(339): CodeIgniter\CodeIgniter->handleRequest(NULL, Object(Config\Cache), false)
#7 C:\xampp\htdocs\cenkaros\public\index.php(36): CodeIgniter\CodeIgniter->run()
#8 C:\xampp\htdocs\cenkaros\vendor\codeigniter4\framework\system\Commands\Server\rewrite.php(45): require_once('C:\\xampp\\htdocs...')
#9 {main}
CRITICAL - 2021-05-26 05:34:55 --> Invalid file: pages\o_nama.php
#0 C:\xampp\htdocs\cenkaros\vendor\codeigniter4\framework\system\View\View.php(213): CodeIgniter\Exceptions\FrameworkException::forInvalidFile('pages\\o_nama.ph...')
#1 C:\xampp\htdocs\cenkaros\vendor\codeigniter4\framework\system\Common.php(1250): CodeIgniter\View\View->render('pages\\o_nama', Array, true)
#2 C:\xampp\htdocs\cenkaros\app\Controllers\Predstavnik.php(12): view('pages\\o_nama', Array)
#3 C:\xampp\htdocs\cenkaros\app\Controllers\Predstavnik.php(23): App\Controllers\Predstavnik->show('o_nama', Array)
#4 C:\xampp\htdocs\cenkaros\vendor\codeigniter4\framework\system\CodeIgniter.php(931): App\Controllers\Predstavnik->o_nama()
#5 C:\xampp\htdocs\cenkaros\vendor\codeigniter4\framework\system\CodeIgniter.php(439): CodeIgniter\CodeIgniter->runController(Object(App\Controllers\Predstavnik))
#6 C:\xampp\htdocs\cenkaros\vendor\codeigniter4\framework\system\CodeIgniter.php(339): CodeIgniter\CodeIgniter->handleRequest(NULL, Object(Config\Cache), false)
#7 C:\xampp\htdocs\cenkaros\public\index.php(36): CodeIgniter\CodeIgniter->run()
#8 C:\xampp\htdocs\cenkaros\vendor\codeigniter4\framework\system\Commands\Server\rewrite.php(45): require_once('C:\\xampp\\htdocs...')
#9 {main}
CRITICAL - 2021-05-26 05:35:00 --> Invalid file: pages\o_nama.php
#0 C:\xampp\htdocs\cenkaros\vendor\codeigniter4\framework\system\View\View.php(213): CodeIgniter\Exceptions\FrameworkException::forInvalidFile('pages\\o_nama.ph...')
#1 C:\xampp\htdocs\cenkaros\vendor\codeigniter4\framework\system\Common.php(1250): CodeIgniter\View\View->render('pages\\o_nama', Array, true)
#2 C:\xampp\htdocs\cenkaros\app\Controllers\Predstavnik.php(12): view('pages\\o_nama', Array)
#3 C:\xampp\htdocs\cenkaros\app\Controllers\Predstavnik.php(23): App\Controllers\Predstavnik->show('o_nama', Array)
#4 C:\xampp\htdocs\cenkaros\vendor\codeigniter4\framework\system\CodeIgniter.php(931): App\Controllers\Predstavnik->o_nama()
#5 C:\xampp\htdocs\cenkaros\vendor\codeigniter4\framework\system\CodeIgniter.php(439): CodeIgniter\CodeIgniter->runController(Object(App\Controllers\Predstavnik))
#6 C:\xampp\htdocs\cenkaros\vendor\codeigniter4\framework\system\CodeIgniter.php(339): CodeIgniter\CodeIgniter->handleRequest(NULL, Object(Config\Cache), false)
#7 C:\xampp\htdocs\cenkaros\public\index.php(36): CodeIgniter\CodeIgniter->run()
#8 C:\xampp\htdocs\cenkaros\vendor\codeigniter4\framework\system\Commands\Server\rewrite.php(45): require_once('C:\\xampp\\htdocs...')
#9 {main}
CRITICAL - 2021-05-26 05:55:00 --> Undefined variable: errors
#0 C:\xampp\htdocs\cenkaros\app\Views\pages\slanje_zahteva_za_registraciju.php(19): CodeIgniter\Debug\Exceptions->errorHandler(8, 'Undefined varia...', 'C:\\xampp\\htdocs...', 19, Array)
#1 C:\xampp\htdocs\cenkaros\vendor\codeigniter4\framework\system\View\View.php(230): include('C:\\xampp\\htdocs...')
#2 C:\xampp\htdocs\cenkaros\vendor\codeigniter4\framework\system\View\View.php(232): CodeIgniter\View\View->CodeIgniter\View\{closure}()
#3 C:\xampp\htdocs\cenkaros\vendor\codeigniter4\framework\system\Common.php(1250): CodeIgniter\View\View->render('pages\\slanje_za...', Array, true)
#4 C:\xampp\htdocs\cenkaros\app\Controllers\Gost.php(15): view('pages\\slanje_za...', Array)
#5 C:\xampp\htdocs\cenkaros\app\Controllers\Gost.php(43): App\Controllers\Gost->show('slanje_zahteva_...', Array)
#6 C:\xampp\htdocs\cenkaros\vendor\codeigniter4\framework\system\CodeIgniter.php(931): App\Controllers\Gost->registracija()
#7 C:\xampp\htdocs\cenkaros\vendor\codeigniter4\framework\system\CodeIgniter.php(439): CodeIgniter\CodeIgniter->runController(Object(App\Controllers\Gost))
#8 C:\xampp\htdocs\cenkaros\vendor\codeigniter4\framework\system\CodeIgniter.php(339): CodeIgniter\CodeIgniter->handleRequest(NULL, Object(Config\Cache), false)
#9 C:\xampp\htdocs\cenkaros\public\index.php(36): CodeIgniter\CodeIgniter->run()
#10 C:\xampp\htdocs\cenkaros\vendor\codeigniter4\framework\system\Commands\Server\rewrite.php(45): require_once('C:\\xampp\\htdocs...')
#11 {main}
CRITICAL - 2021-05-26 05:55:25 --> Undefined variable: errors
#0 C:\xampp\htdocs\cenkaros\app\Views\pages\slanje_zahteva_za_registraciju.php(19): CodeIgniter\Debug\Exceptions->errorHandler(8, 'Undefined varia...', 'C:\\xampp\\htdocs...', 19, Array)
#1 C:\xampp\htdocs\cenkaros\vendor\codeigniter4\framework\system\View\View.php(230): include('C:\\xampp\\htdocs...')
#2 C:\xampp\htdocs\cenkaros\vendor\codeigniter4\framework\system\View\View.php(232): CodeIgniter\View\View->CodeIgniter\View\{closure}()
#3 C:\xampp\htdocs\cenkaros\vendor\codeigniter4\framework\system\Common.php(1250): CodeIgniter\View\View->render('pages\\slanje_za...', Array, true)
#4 C:\xampp\htdocs\cenkaros\app\Controllers\Gost.php(15): view('pages\\slanje_za...', Array)
#5 C:\xampp\htdocs\cenkaros\app\Controllers\Gost.php(43): App\Controllers\Gost->show('slanje_zahteva_...', Array)
#6 C:\xampp\htdocs\cenkaros\vendor\codeigniter4\framework\system\CodeIgniter.php(931): App\Controllers\Gost->registracija()
#7 C:\xampp\htdocs\cenkaros\vendor\codeigniter4\framework\system\CodeIgniter.php(439): CodeIgniter\CodeIgniter->runController(Object(App\Controllers\Gost))
#8 C:\xampp\htdocs\cenkaros\vendor\codeigniter4\framework\system\CodeIgniter.php(339): CodeIgniter\CodeIgniter->handleRequest(NULL, Object(Config\Cache), false)
#9 C:\xampp\htdocs\cenkaros\public\index.php(36): CodeIgniter\CodeIgniter->run()
#10 C:\xampp\htdocs\cenkaros\vendor\codeigniter4\framework\system\Commands\Server\rewrite.php(45): require_once('C:\\xampp\\htdocs...')
#11 {main}
CRITICAL - 2021-05-26 05:55:27 --> Undefined variable: errors
#0 C:\xampp\htdocs\cenkaros\app\Views\pages\slanje_zahteva_za_registraciju.php(19): CodeIgniter\Debug\Exceptions->errorHandler(8, 'Undefined varia...', 'C:\\xampp\\htdocs...', 19, Array)
#1 C:\xampp\htdocs\cenkaros\vendor\codeigniter4\framework\system\View\View.php(230): include('C:\\xampp\\htdocs...')
#2 C:\xampp\htdocs\cenkaros\vendor\codeigniter4\framework\system\View\View.php(232): CodeIgniter\View\View->CodeIgniter\View\{closure}()
#3 C:\xampp\htdocs\cenkaros\vendor\codeigniter4\framework\system\Common.php(1250): CodeIgniter\View\View->render('pages\\slanje_za...', Array, true)
#4 C:\xampp\htdocs\cenkaros\app\Controllers\Gost.php(15): view('pages\\slanje_za...', Array)
#5 C:\xampp\htdocs\cenkaros\app\Controllers\Gost.php(43): App\Controllers\Gost->show('slanje_zahteva_...', Array)
#6 C:\xampp\htdocs\cenkaros\vendor\codeigniter4\framework\system\CodeIgniter.php(931): App\Controllers\Gost->registracija()
#7 C:\xampp\htdocs\cenkaros\vendor\codeigniter4\framework\system\CodeIgniter.php(439): CodeIgniter\CodeIgniter->runController(Object(App\Controllers\Gost))
#8 C:\xampp\htdocs\cenkaros\vendor\codeigniter4\framework\system\CodeIgniter.php(339): CodeIgniter\CodeIgniter->handleRequest(NULL, Object(Config\Cache), false)
#9 C:\xampp\htdocs\cenkaros\public\index.php(36): CodeIgniter\CodeIgniter->run()
#10 C:\xampp\htdocs\cenkaros\vendor\codeigniter4\framework\system\Commands\Server\rewrite.php(45): require_once('C:\\xampp\\htdocs...')
#11 {main}
CRITICAL - 2021-05-26 06:01:29 --> Undefined variable: errors
#0 C:\xampp\htdocs\cenkaros\app\Views\pages\slanje_zahteva_za_registraciju.php(19): CodeIgniter\Debug\Exceptions->errorHandler(8, 'Undefined varia...', 'C:\\xampp\\htdocs...', 19, Array)
#1 C:\xampp\htdocs\cenkaros\vendor\codeigniter4\framework\system\View\View.php(230): include('C:\\xampp\\htdocs...')
#2 C:\xampp\htdocs\cenkaros\vendor\codeigniter4\framework\system\View\View.php(232): CodeIgniter\View\View->CodeIgniter\View\{closure}()
#3 C:\xampp\htdocs\cenkaros\vendor\codeigniter4\framework\system\Common.php(1250): CodeIgniter\View\View->render('pages\\slanje_za...', Array, true)
#4 C:\xampp\htdocs\cenkaros\app\Controllers\Gost.php(15): view('pages\\slanje_za...', Array)
#5 C:\xampp\htdocs\cenkaros\app\Controllers\Gost.php(43): App\Controllers\Gost->show('slanje_zahteva_...', Array)
#6 C:\xampp\htdocs\cenkaros\vendor\codeigniter4\framework\system\CodeIgniter.php(931): App\Controllers\Gost->registracija()
#7 C:\xampp\htdocs\cenkaros\vendor\codeigniter4\framework\system\CodeIgniter.php(439): CodeIgniter\CodeIgniter->runController(Object(App\Controllers\Gost))
#8 C:\xampp\htdocs\cenkaros\vendor\codeigniter4\framework\system\CodeIgniter.php(339): CodeIgniter\CodeIgniter->handleRequest(NULL, Object(Config\Cache), false)
#9 C:\xampp\htdocs\cenkaros\public\index.php(36): CodeIgniter\CodeIgniter->run()
#10 C:\xampp\htdocs\cenkaros\vendor\codeigniter4\framework\system\Commands\Server\rewrite.php(45): require_once('C:\\xampp\\htdocs...')
#11 {main}
CRITICAL - 2021-05-26 06:01:32 --> Undefined variable: errors
#0 C:\xampp\htdocs\cenkaros\app\Views\pages\slanje_zahteva_za_registraciju.php(19): CodeIgniter\Debug\Exceptions->errorHandler(8, 'Undefined varia...', 'C:\\xampp\\htdocs...', 19, Array)
#1 C:\xampp\htdocs\cenkaros\vendor\codeigniter4\framework\system\View\View.php(230): include('C:\\xampp\\htdocs...')
#2 C:\xampp\htdocs\cenkaros\vendor\codeigniter4\framework\system\View\View.php(232): CodeIgniter\View\View->CodeIgniter\View\{closure}()
#3 C:\xampp\htdocs\cenkaros\vendor\codeigniter4\framework\system\Common.php(1250): CodeIgniter\View\View->render('pages\\slanje_za...', Array, true)
#4 C:\xampp\htdocs\cenkaros\app\Controllers\Gost.php(15): view('pages\\slanje_za...', Array)
#5 C:\xampp\htdocs\cenkaros\app\Controllers\Gost.php(43): App\Controllers\Gost->show('slanje_zahteva_...', Array)
#6 C:\xampp\htdocs\cenkaros\vendor\codeigniter4\framework\system\CodeIgniter.php(931): App\Controllers\Gost->registracija()
#7 C:\xampp\htdocs\cenkaros\vendor\codeigniter4\framework\system\CodeIgniter.php(439): CodeIgniter\CodeIgniter->runController(Object(App\Controllers\Gost))
#8 C:\xampp\htdocs\cenkaros\vendor\codeigniter4\framework\system\CodeIgniter.php(339): CodeIgniter\CodeIgniter->handleRequest(NULL, Object(Config\Cache), false)
#9 C:\xampp\htdocs\cenkaros\public\index.php(36): CodeIgniter\CodeIgniter->run()
#10 C:\xampp\htdocs\cenkaros\vendor\codeigniter4\framework\system\Commands\Server\rewrite.php(45): require_once('C:\\xampp\\htdocs...')
#11 {main}
CRITICAL - 2021-05-26 06:09:00 --> Call to undefined function is_set()
#0 C:\xampp\htdocs\cenkaros\vendor\codeigniter4\framework\system\View\View.php(230): include()
#1 C:\xampp\htdocs\cenkaros\vendor\codeigniter4\framework\system\View\View.php(232): CodeIgniter\View\View->CodeIgniter\View\{closure}()
#2 C:\xampp\htdocs\cenkaros\vendor\codeigniter4\framework\system\Common.php(1250): CodeIgniter\View\View->render('pages\\slanje_za...', Array, true)
#3 C:\xampp\htdocs\cenkaros\app\Controllers\Gost.php(15): view('pages\\slanje_za...', Array)
#4 C:\xampp\htdocs\cenkaros\app\Controllers\Gost.php(43): App\Controllers\Gost->show('slanje_zahteva_...', Array)
#5 C:\xampp\htdocs\cenkaros\vendor\codeigniter4\framework\system\CodeIgniter.php(931): App\Controllers\Gost->registracija()
#6 C:\xampp\htdocs\cenkaros\vendor\codeigniter4\framework\system\CodeIgniter.php(439): CodeIgniter\CodeIgniter->runController(Object(App\Controllers\Gost))
#7 C:\xampp\htdocs\cenkaros\vendor\codeigniter4\framework\system\CodeIgniter.php(339): CodeIgniter\CodeIgniter->handleRequest(NULL, Object(Config\Cache), false)
#8 C:\xampp\htdocs\cenkaros\public\index.php(36): CodeIgniter\CodeIgniter->run()
#9 C:\xampp\htdocs\cenkaros\vendor\codeigniter4\framework\system\Commands\Server\rewrite.php(45): require_once('C:\\xampp\\htdocs...')
#10 {main}
CRITICAL - 2021-05-26 06:09:39 --> Call to undefined function is_set()
#0 C:\xampp\htdocs\cenkaros\vendor\codeigniter4\framework\system\View\View.php(230): include()
#1 C:\xampp\htdocs\cenkaros\vendor\codeigniter4\framework\system\View\View.php(232): CodeIgniter\View\View->CodeIgniter\View\{closure}()
#2 C:\xampp\htdocs\cenkaros\vendor\codeigniter4\framework\system\Common.php(1250): CodeIgniter\View\View->render('pages\\slanje_za...', Array, true)
#3 C:\xampp\htdocs\cenkaros\app\Controllers\Gost.php(15): view('pages\\slanje_za...', Array)
#4 C:\xampp\htdocs\cenkaros\app\Controllers\Gost.php(43): App\Controllers\Gost->show('slanje_zahteva_...', Array)
#5 C:\xampp\htdocs\cenkaros\vendor\codeigniter4\framework\system\CodeIgniter.php(931): App\Controllers\Gost->registracija()
#6 C:\xampp\htdocs\cenkaros\vendor\codeigniter4\framework\system\CodeIgniter.php(439): CodeIgniter\CodeIgniter->runController(Object(App\Controllers\Gost))
#7 C:\xampp\htdocs\cenkaros\vendor\codeigniter4\framework\system\CodeIgniter.php(339): CodeIgniter\CodeIgniter->handleRequest(NULL, Object(Config\Cache), false)
#8 C:\xampp\htdocs\cenkaros\public\index.php(36): CodeIgniter\CodeIgniter->run()
#9 C:\xampp\htdocs\cenkaros\vendor\codeigniter4\framework\system\Commands\Server\rewrite.php(45): require_once('C:\\xampp\\htdocs...')
#10 {main}
