CRITICAL - 2021-05-31 06:58:53 --> Call to undefined function App\Controllers\rexit()
#0 C:\xampp\htdocs\cenkaros\vendor\codeigniter4\framework\system\CodeIgniter.php(931): App\Controllers\Kupac->skini_listu('1')
#1 C:\xampp\htdocs\cenkaros\vendor\codeigniter4\framework\system\CodeIgniter.php(439): CodeIgniter\CodeIgniter->runController(Object(App\Controllers\Kupac))
#2 C:\xampp\htdocs\cenkaros\vendor\codeigniter4\framework\system\CodeIgniter.php(339): CodeIgniter\CodeIgniter->handleRequest(NULL, Object(Config\Cache), false)
#3 C:\xampp\htdocs\cenkaros\public\index.php(36): CodeIgniter\CodeIgniter->run()
#4 C:\xampp\htdocs\cenkaros\vendor\codeigniter4\framework\system\Commands\Server\rewrite.php(45): require_once('C:\\xampp\\htdocs...')
#5 {main}
CRITICAL - 2021-05-31 06:58:54 --> Call to undefined function App\Controllers\rexit()
#0 C:\xampp\htdocs\cenkaros\vendor\codeigniter4\framework\system\CodeIgniter.php(931): App\Controllers\Kupac->skini_listu('1')
#1 C:\xampp\htdocs\cenkaros\vendor\codeigniter4\framework\system\CodeIgniter.php(439): CodeIgniter\CodeIgniter->runController(Object(App\Controllers\Kupac))
#2 C:\xampp\htdocs\cenkaros\vendor\codeigniter4\framework\system\CodeIgniter.php(339): CodeIgniter\CodeIgniter->handleRequest(NULL, Object(Config\Cache), false)
#3 C:\xampp\htdocs\cenkaros\public\index.php(36): CodeIgniter\CodeIgniter->run()
#4 C:\xampp\htdocs\cenkaros\vendor\codeigniter4\framework\system\Commands\Server\rewrite.php(45): require_once('C:\\xampp\\htdocs...')
#5 {main}
CRITICAL - 2021-05-31 06:58:58 --> Call to undefined function App\Controllers\rexit()
#0 C:\xampp\htdocs\cenkaros\vendor\codeigniter4\framework\system\CodeIgniter.php(931): App\Controllers\Kupac->skini_listu('1')
#1 C:\xampp\htdocs\cenkaros\vendor\codeigniter4\framework\system\CodeIgniter.php(439): CodeIgniter\CodeIgniter->runController(Object(App\Controllers\Kupac))
#2 C:\xampp\htdocs\cenkaros\vendor\codeigniter4\framework\system\CodeIgniter.php(339): CodeIgniter\CodeIgniter->handleRequest(NULL, Object(Config\Cache), false)
#3 C:\xampp\htdocs\cenkaros\public\index.php(36): CodeIgniter\CodeIgniter->run()
#4 C:\xampp\htdocs\cenkaros\vendor\codeigniter4\framework\system\Commands\Server\rewrite.php(45): require_once('C:\\xampp\\htdocs...')
#5 {main}
CRITICAL - 2021-05-31 06:59:03 --> Call to undefined function App\Controllers\rexit()
#0 C:\xampp\htdocs\cenkaros\vendor\codeigniter4\framework\system\CodeIgniter.php(931): App\Controllers\Kupac->skini_listu('1')
#1 C:\xampp\htdocs\cenkaros\vendor\codeigniter4\framework\system\CodeIgniter.php(439): CodeIgniter\CodeIgniter->runController(Object(App\Controllers\Kupac))
#2 C:\xampp\htdocs\cenkaros\vendor\codeigniter4\framework\system\CodeIgniter.php(339): CodeIgniter\CodeIgniter->handleRequest(NULL, Object(Config\Cache), false)
#3 C:\xampp\htdocs\cenkaros\public\index.php(36): CodeIgniter\CodeIgniter->run()
#4 C:\xampp\htdocs\cenkaros\vendor\codeigniter4\framework\system\Commands\Server\rewrite.php(45): require_once('C:\\xampp\\htdocs...')
#5 {main}
CRITICAL - 2021-05-31 06:59:11 --> Call to undefined function App\Controllers\rexit()
#0 C:\xampp\htdocs\cenkaros\vendor\codeigniter4\framework\system\CodeIgniter.php(931): App\Controllers\Kupac->skini_listu('1')
#1 C:\xampp\htdocs\cenkaros\vendor\codeigniter4\framework\system\CodeIgniter.php(439): CodeIgniter\CodeIgniter->runController(Object(App\Controllers\Kupac))
#2 C:\xampp\htdocs\cenkaros\vendor\codeigniter4\framework\system\CodeIgniter.php(339): CodeIgniter\CodeIgniter->handleRequest(NULL, Object(Config\Cache), false)
#3 C:\xampp\htdocs\cenkaros\public\index.php(36): CodeIgniter\CodeIgniter->run()
#4 C:\xampp\htdocs\cenkaros\vendor\codeigniter4\framework\system\Commands\Server\rewrite.php(45): require_once('C:\\xampp\\htdocs...')
#5 {main}
CRITICAL - 2021-05-31 07:18:45 --> syntax error, unexpected 'Kupac' (T_STRING), expecting ';' or ','
#0 C:\xampp\htdocs\cenkaros\vendor\codeigniter4\framework\system\Router\Router.php(169): CodeIgniter\Router\Router->autoRoute('Kupac/sacuvane_...')
#1 C:\xampp\htdocs\cenkaros\vendor\codeigniter4\framework\system\CodeIgniter.php(812): CodeIgniter\Router\Router->handle('Kupac/sacuvane_...')
#2 C:\xampp\htdocs\cenkaros\vendor\codeigniter4\framework\system\CodeIgniter.php(392): CodeIgniter\CodeIgniter->tryToRouteIt(Object(CodeIgniter\Router\RouteCollection))
#3 C:\xampp\htdocs\cenkaros\vendor\codeigniter4\framework\system\CodeIgniter.php(339): CodeIgniter\CodeIgniter->handleRequest(NULL, Object(Config\Cache), false)
#4 C:\xampp\htdocs\cenkaros\public\index.php(36): CodeIgniter\CodeIgniter->run()
#5 C:\xampp\htdocs\cenkaros\vendor\codeigniter4\framework\system\Commands\Server\rewrite.php(45): require_once('C:\\xampp\\htdocs...')
#6 {main}
ERROR - 2021-05-31 07:50:36 --> Column 'naziv' cannot be null
CRITICAL - 2021-05-31 07:50:36 --> Column 'naziv' cannot be null
#0 C:\xampp\htdocs\cenkaros\vendor\codeigniter4\framework\system\Database\MySQLi\Connection.php(329): mysqli->query('INSERT INTO `li...')
#1 C:\xampp\htdocs\cenkaros\vendor\codeigniter4\framework\system\Database\BaseConnection.php(732): CodeIgniter\Database\MySQLi\Connection->execute('INSERT INTO `li...')
#2 C:\xampp\htdocs\cenkaros\vendor\codeigniter4\framework\system\Database\BaseConnection.php(647): CodeIgniter\Database\BaseConnection->simpleQuery('INSERT INTO `li...')
#3 C:\xampp\htdocs\cenkaros\vendor\codeigniter4\framework\system\Database\BaseBuilder.php(2277): CodeIgniter\Database\BaseConnection->query('INSERT INTO `li...', Array, false)
#4 C:\xampp\htdocs\cenkaros\vendor\codeigniter4\framework\system\Model.php(259): CodeIgniter\Database\BaseBuilder->insert()
#5 C:\xampp\htdocs\cenkaros\vendor\codeigniter4\framework\system\BaseModel.php(774): CodeIgniter\Model->doInsert(Array)
#6 C:\xampp\htdocs\cenkaros\vendor\codeigniter4\framework\system\Model.php(686): CodeIgniter\BaseModel->insert(Array, true)
#7 C:\xampp\htdocs\cenkaros\app\Controllers\Kupac.php(389): CodeIgniter\Model->insert(Array)
#8 C:\xampp\htdocs\cenkaros\vendor\codeigniter4\framework\system\CodeIgniter.php(931): App\Controllers\Kupac->sacuvaj_listu()
#9 C:\xampp\htdocs\cenkaros\vendor\codeigniter4\framework\system\CodeIgniter.php(439): CodeIgniter\CodeIgniter->runController(Object(App\Controllers\Kupac))
#10 C:\xampp\htdocs\cenkaros\vendor\codeigniter4\framework\system\CodeIgniter.php(339): CodeIgniter\CodeIgniter->handleRequest(NULL, Object(Config\Cache), false)
#11 C:\xampp\htdocs\cenkaros\public\index.php(36): CodeIgniter\CodeIgniter->run()
#12 C:\xampp\htdocs\cenkaros\vendor\codeigniter4\framework\system\Commands\Server\rewrite.php(45): require_once('C:\\xampp\\htdocs...')
#13 {main}
CRITICAL - 2021-05-31 08:00:02 --> syntax error, unexpected ';', expecting ']'
#0 C:\xampp\htdocs\cenkaros\vendor\codeigniter4\framework\system\Router\Router.php(169): CodeIgniter\Router\Router->autoRoute('Kupac')
#1 C:\xampp\htdocs\cenkaros\vendor\codeigniter4\framework\system\CodeIgniter.php(812): CodeIgniter\Router\Router->handle('Kupac')
#2 C:\xampp\htdocs\cenkaros\vendor\codeigniter4\framework\system\CodeIgniter.php(392): CodeIgniter\CodeIgniter->tryToRouteIt(Object(CodeIgniter\Router\RouteCollection))
#3 C:\xampp\htdocs\cenkaros\vendor\codeigniter4\framework\system\CodeIgniter.php(339): CodeIgniter\CodeIgniter->handleRequest(NULL, Object(Config\Cache), false)
#4 C:\xampp\htdocs\cenkaros\public\index.php(36): CodeIgniter\CodeIgniter->run()
#5 C:\xampp\htdocs\cenkaros\vendor\codeigniter4\framework\system\Commands\Server\rewrite.php(45): require_once('C:\\xampp\\htdocs...')
#6 {main}
CRITICAL - 2021-05-31 08:00:24 --> Trying to get property 'naziv' of non-object
#0 C:\xampp\htdocs\cenkaros\app\Controllers\Kupac.php(407): CodeIgniter\Debug\Exceptions->errorHandler(8, 'Trying to get p...', 'C:\\xampp\\htdocs...', 407, Array)
#1 C:\xampp\htdocs\cenkaros\vendor\codeigniter4\framework\system\CodeIgniter.php(931): App\Controllers\Kupac->sacuvaj_listu()
#2 C:\xampp\htdocs\cenkaros\vendor\codeigniter4\framework\system\CodeIgniter.php(439): CodeIgniter\CodeIgniter->runController(Object(App\Controllers\Kupac))
#3 C:\xampp\htdocs\cenkaros\vendor\codeigniter4\framework\system\CodeIgniter.php(339): CodeIgniter\CodeIgniter->handleRequest(NULL, Object(Config\Cache), false)
#4 C:\xampp\htdocs\cenkaros\public\index.php(36): CodeIgniter\CodeIgniter->run()
#5 C:\xampp\htdocs\cenkaros\vendor\codeigniter4\framework\system\Commands\Server\rewrite.php(45): require_once('C:\\xampp\\htdocs...')
#6 {main}
CRITICAL - 2021-05-31 08:37:23 --> Undefined offset: 0
#0 C:\xampp\htdocs\cenkaros\app\Controllers\Predstavnik.php(37): CodeIgniter\Debug\Exceptions->errorHandler(8, 'Undefined offse...', 'C:\\xampp\\htdocs...', 37, Array)
#1 C:\xampp\htdocs\cenkaros\vendor\codeigniter4\framework\system\CodeIgniter.php(931): App\Controllers\Predstavnik->izmeni_radnju()
#2 C:\xampp\htdocs\cenkaros\vendor\codeigniter4\framework\system\CodeIgniter.php(439): CodeIgniter\CodeIgniter->runController(Object(App\Controllers\Predstavnik))
#3 C:\xampp\htdocs\cenkaros\vendor\codeigniter4\framework\system\CodeIgniter.php(339): CodeIgniter\CodeIgniter->handleRequest(NULL, Object(Config\Cache), false)
#4 C:\xampp\htdocs\cenkaros\public\index.php(36): CodeIgniter\CodeIgniter->run()
#5 C:\xampp\htdocs\cenkaros\vendor\codeigniter4\framework\system\Commands\Server\rewrite.php(45): require_once('C:\\xampp\\htdocs...')
#6 {main}
ERROR - 2021-05-31 08:38:16 --> You have an error in your SQL syntax; check the manual that corresponds to your MariaDB server version for the right syntax to use near ')' at line 3
CRITICAL - 2021-05-31 08:38:16 --> You have an error in your SQL syntax; check the manual that corresponds to your MariaDB server version for the right syntax to use near ')' at line 3
#0 C:\xampp\htdocs\cenkaros\vendor\codeigniter4\framework\system\Database\MySQLi\Connection.php(329): mysqli->query('SELECT *\nFROM `...')
#1 C:\xampp\htdocs\cenkaros\vendor\codeigniter4\framework\system\Database\BaseConnection.php(732): CodeIgniter\Database\MySQLi\Connection->execute('SELECT *\nFROM `...')
#2 C:\xampp\htdocs\cenkaros\vendor\codeigniter4\framework\system\Database\BaseConnection.php(647): CodeIgniter\Database\BaseConnection->simpleQuery('SELECT *\nFROM `...')
#3 C:\xampp\htdocs\cenkaros\vendor\codeigniter4\framework\system\Database\BaseBuilder.php(1881): CodeIgniter\Database\BaseConnection->query('SELECT *\nFROM `...', Array, false)
#4 C:\xampp\htdocs\cenkaros\vendor\codeigniter4\framework\system\Model.php(197): CodeIgniter\Database\BaseBuilder->get()
#5 C:\xampp\htdocs\cenkaros\vendor\codeigniter4\framework\system\BaseModel.php(603): CodeIgniter\Model->doFindAll(0, 0)
#6 C:\xampp\htdocs\cenkaros\app\Models\ArtikalModel.php(20): CodeIgniter\BaseModel->findAll()
#7 C:\xampp\htdocs\cenkaros\app\Controllers\Predstavnik.php(45): App\Models\ArtikalModel->pretraga_idA(Array)
#8 C:\xampp\htdocs\cenkaros\vendor\codeigniter4\framework\system\CodeIgniter.php(931): App\Controllers\Predstavnik->izmeni_radnju()
#9 C:\xampp\htdocs\cenkaros\vendor\codeigniter4\framework\system\CodeIgniter.php(439): CodeIgniter\CodeIgniter->runController(Object(App\Controllers\Predstavnik))
#10 C:\xampp\htdocs\cenkaros\vendor\codeigniter4\framework\system\CodeIgniter.php(339): CodeIgniter\CodeIgniter->handleRequest(NULL, Object(Config\Cache), false)
#11 C:\xampp\htdocs\cenkaros\public\index.php(36): CodeIgniter\CodeIgniter->run()
#12 C:\xampp\htdocs\cenkaros\vendor\codeigniter4\framework\system\Commands\Server\rewrite.php(45): require_once('C:\\xampp\\htdocs...')
#13 {main}
CRITICAL - 2021-05-31 08:40:36 --> Undefined offset: 0
#0 C:\xampp\htdocs\cenkaros\app\Controllers\Predstavnik.php(94): CodeIgniter\Debug\Exceptions->errorHandler(8, 'Undefined offse...', 'C:\\xampp\\htdocs...', 94, Array)
#1 C:\xampp\htdocs\cenkaros\vendor\codeigniter4\framework\system\CodeIgniter.php(931): App\Controllers\Predstavnik->dodaj_artikal()
#2 C:\xampp\htdocs\cenkaros\vendor\codeigniter4\framework\system\CodeIgniter.php(439): CodeIgniter\CodeIgniter->runController(Object(App\Controllers\Predstavnik))
#3 C:\xampp\htdocs\cenkaros\vendor\codeigniter4\framework\system\CodeIgniter.php(339): CodeIgniter\CodeIgniter->handleRequest(NULL, Object(Config\Cache), false)
#4 C:\xampp\htdocs\cenkaros\public\index.php(36): CodeIgniter\CodeIgniter->run()
#5 C:\xampp\htdocs\cenkaros\vendor\codeigniter4\framework\system\Commands\Server\rewrite.php(45): require_once('C:\\xampp\\htdocs...')
#6 {main}
CRITICAL - 2021-05-31 08:42:29 --> Undefined offset: 0
#0 C:\xampp\htdocs\cenkaros\app\Controllers\Predstavnik.php(37): CodeIgniter\Debug\Exceptions->errorHandler(8, 'Undefined offse...', 'C:\\xampp\\htdocs...', 37, Array)
#1 C:\xampp\htdocs\cenkaros\vendor\codeigniter4\framework\system\CodeIgniter.php(931): App\Controllers\Predstavnik->izmeni_radnju()
#2 C:\xampp\htdocs\cenkaros\vendor\codeigniter4\framework\system\CodeIgniter.php(439): CodeIgniter\CodeIgniter->runController(Object(App\Controllers\Predstavnik))
#3 C:\xampp\htdocs\cenkaros\vendor\codeigniter4\framework\system\CodeIgniter.php(339): CodeIgniter\CodeIgniter->handleRequest(NULL, Object(Config\Cache), false)
#4 C:\xampp\htdocs\cenkaros\public\index.php(36): CodeIgniter\CodeIgniter->run()
#5 C:\xampp\htdocs\cenkaros\vendor\codeigniter4\framework\system\Commands\Server\rewrite.php(45): require_once('C:\\xampp\\htdocs...')
#6 {main}
CRITICAL - 2021-05-31 08:42:31 --> Undefined offset: 0
#0 C:\xampp\htdocs\cenkaros\app\Controllers\Predstavnik.php(37): CodeIgniter\Debug\Exceptions->errorHandler(8, 'Undefined offse...', 'C:\\xampp\\htdocs...', 37, Array)
#1 C:\xampp\htdocs\cenkaros\vendor\codeigniter4\framework\system\CodeIgniter.php(931): App\Controllers\Predstavnik->izmeni_radnju()
#2 C:\xampp\htdocs\cenkaros\vendor\codeigniter4\framework\system\CodeIgniter.php(439): CodeIgniter\CodeIgniter->runController(Object(App\Controllers\Predstavnik))
#3 C:\xampp\htdocs\cenkaros\vendor\codeigniter4\framework\system\CodeIgniter.php(339): CodeIgniter\CodeIgniter->handleRequest(NULL, Object(Config\Cache), false)
#4 C:\xampp\htdocs\cenkaros\public\index.php(36): CodeIgniter\CodeIgniter->run()
#5 C:\xampp\htdocs\cenkaros\vendor\codeigniter4\framework\system\Commands\Server\rewrite.php(45): require_once('C:\\xampp\\htdocs...')
#6 {main}
CRITICAL - 2021-05-31 08:45:48 --> Invalid argument supplied for foreach()
#0 C:\xampp\htdocs\cenkaros\app\Controllers\Kupac.php(72): CodeIgniter\Debug\Exceptions->errorHandler(2, 'Invalid argumen...', 'C:\\xampp\\htdocs...', 72, Array)
#1 C:\xampp\htdocs\cenkaros\vendor\codeigniter4\framework\system\CodeIgniter.php(931): App\Controllers\Kupac->ispis()
#2 C:\xampp\htdocs\cenkaros\vendor\codeigniter4\framework\system\CodeIgniter.php(439): CodeIgniter\CodeIgniter->runController(Object(App\Controllers\Kupac))
#3 C:\xampp\htdocs\cenkaros\vendor\codeigniter4\framework\system\CodeIgniter.php(339): CodeIgniter\CodeIgniter->handleRequest(NULL, Object(Config\Cache), false)
#4 C:\xampp\htdocs\cenkaros\public\index.php(36): CodeIgniter\CodeIgniter->run()
#5 C:\xampp\htdocs\cenkaros\vendor\codeigniter4\framework\system\Commands\Server\rewrite.php(45): require_once('C:\\xampp\\htdocs...')
#6 {main}
CRITICAL - 2021-05-31 08:49:03 --> Invalid argument supplied for foreach()
#0 C:\xampp\htdocs\cenkaros\app\Controllers\Kupac.php(72): CodeIgniter\Debug\Exceptions->errorHandler(2, 'Invalid argumen...', 'C:\\xampp\\htdocs...', 72, Array)
#1 C:\xampp\htdocs\cenkaros\vendor\codeigniter4\framework\system\CodeIgniter.php(931): App\Controllers\Kupac->ispis()
#2 C:\xampp\htdocs\cenkaros\vendor\codeigniter4\framework\system\CodeIgniter.php(439): CodeIgniter\CodeIgniter->runController(Object(App\Controllers\Kupac))
#3 C:\xampp\htdocs\cenkaros\vendor\codeigniter4\framework\system\CodeIgniter.php(339): CodeIgniter\CodeIgniter->handleRequest(NULL, Object(Config\Cache), false)
#4 C:\xampp\htdocs\cenkaros\public\index.php(36): CodeIgniter\CodeIgniter->run()
#5 C:\xampp\htdocs\cenkaros\vendor\codeigniter4\framework\system\Commands\Server\rewrite.php(45): require_once('C:\\xampp\\htdocs...')
#6 {main}
